/home/krishna/Comparator_MPW6/Makefile
/home/krishna/Comparator_MPW6/.spiceinit
/home/krishna/Comparator_MPW6/verilog/dv/Makefile
/home/krishna/Comparator_MPW6/verilog/dv/mprj_por/mprj_por.c
/home/krishna/Comparator_MPW6/verilog/dv/mprj_por/mprj_por_tb.v
/home/krishna/Comparator_MPW6/verilog/dv/mprj_por/Makefile
/home/krishna/Comparator_MPW6/verilog/rtl/uprj_analog_netlists.v
/home/krishna/Comparator_MPW6/verilog/rtl/example_por.v
/home/krishna/Comparator_MPW6/verilog/rtl/user_analog_proj_example.v
/home/krishna/Comparator_MPW6/verilog/rtl/user_analog_project_wrapper.v
/home/krishna/Comparator_MPW6/verilog/rtl/comparator.v
/home/krishna/Comparator_MPW6/precheck_results/04_JUN_2022___09_24_39/outputs/reports/magic_drc_check.drc.report
/home/krishna/Comparator_MPW6/precheck_results/04_JUN_2022___09_24_39/logs/klayout_zeroarea_check.total
/home/krishna/Comparator_MPW6/precheck_results/04_JUN_2022___09_24_39/logs/tools.info
/home/krishna/Comparator_MPW6/precheck_results/04_JUN_2022___09_24_39/logs/klayout_beol_check.total
/home/krishna/Comparator_MPW6/precheck_results/04_JUN_2022___09_24_39/logs/klayout_pin_label_purposes_overlapping_drawing_check.total
/home/krishna/Comparator_MPW6/precheck_results/04_JUN_2022___09_24_39/logs/klayout_feol_check.total
/home/krishna/Comparator_MPW6/precheck_results/04_JUN_2022___09_24_39/logs/gds.info
/home/krishna/Comparator_MPW6/precheck_results/04_JUN_2022___09_24_39/logs/pdks.info
/home/krishna/Comparator_MPW6/precheck_results/04_JUN_2022___09_24_39/logs/magic_drc_check.total
/home/krishna/Comparator_MPW6/precheck_results/04_JUN_2022___09_24_39/logs/klayout_offgrid_check.total
/home/krishna/Comparator_MPW6/precheck_results/04_JUN_2022___09_24_39/logs/klayout_met_min_ca_density_check.total
/home/krishna/Comparator_MPW6/precheck_results/04_JUN_2022___14_38_44/outputs/reports/magic_drc_check.drc.report
/home/krishna/Comparator_MPW6/precheck_results/04_JUN_2022___14_38_44/logs/klayout_zeroarea_check.total
/home/krishna/Comparator_MPW6/precheck_results/04_JUN_2022___14_38_44/logs/tools.info
/home/krishna/Comparator_MPW6/precheck_results/04_JUN_2022___14_38_44/logs/klayout_beol_check.total
/home/krishna/Comparator_MPW6/precheck_results/04_JUN_2022___14_38_44/logs/klayout_pin_label_purposes_overlapping_drawing_check.total
/home/krishna/Comparator_MPW6/precheck_results/04_JUN_2022___14_38_44/logs/klayout_feol_check.total
/home/krishna/Comparator_MPW6/precheck_results/04_JUN_2022___14_38_44/logs/gds.info
/home/krishna/Comparator_MPW6/precheck_results/04_JUN_2022___14_38_44/logs/pdks.info
/home/krishna/Comparator_MPW6/precheck_results/04_JUN_2022___14_38_44/logs/magic_drc_check.total
/home/krishna/Comparator_MPW6/precheck_results/04_JUN_2022___14_38_44/logs/klayout_offgrid_check.total
/home/krishna/Comparator_MPW6/precheck_results/04_JUN_2022___14_38_44/logs/klayout_met_min_ca_density_check.total
/home/krishna/Comparator_MPW6/precheck_results/04_JUN_2022___11_00_41/outputs/reports/magic_drc_check.drc.report
/home/krishna/Comparator_MPW6/precheck_results/04_JUN_2022___11_00_41/logs/klayout_zeroarea_check.total
/home/krishna/Comparator_MPW6/precheck_results/04_JUN_2022___11_00_41/logs/tools.info
/home/krishna/Comparator_MPW6/precheck_results/04_JUN_2022___11_00_41/logs/klayout_beol_check.total
/home/krishna/Comparator_MPW6/precheck_results/04_JUN_2022___11_00_41/logs/klayout_pin_label_purposes_overlapping_drawing_check.total
/home/krishna/Comparator_MPW6/precheck_results/04_JUN_2022___11_00_41/logs/klayout_feol_check.total
/home/krishna/Comparator_MPW6/precheck_results/04_JUN_2022___11_00_41/logs/gds.info
/home/krishna/Comparator_MPW6/precheck_results/04_JUN_2022___11_00_41/logs/pdks.info
/home/krishna/Comparator_MPW6/precheck_results/04_JUN_2022___11_00_41/logs/magic_drc_check.total
/home/krishna/Comparator_MPW6/precheck_results/04_JUN_2022___11_00_41/logs/klayout_offgrid_check.total
/home/krishna/Comparator_MPW6/precheck_results/04_JUN_2022___11_00_41/logs/klayout_met_min_ca_density_check.total
/home/krishna/Comparator_MPW6/precheck_results/04_JUN_2022___09_00_52/outputs/reports/magic_drc_check.drc.report
/home/krishna/Comparator_MPW6/precheck_results/04_JUN_2022___09_00_52/logs/klayout_zeroarea_check.total
/home/krishna/Comparator_MPW6/precheck_results/04_JUN_2022___09_00_52/logs/tools.info
/home/krishna/Comparator_MPW6/precheck_results/04_JUN_2022___09_00_52/logs/klayout_beol_check.total
/home/krishna/Comparator_MPW6/precheck_results/04_JUN_2022___09_00_52/logs/klayout_pin_label_purposes_overlapping_drawing_check.total
/home/krishna/Comparator_MPW6/precheck_results/04_JUN_2022___09_00_52/logs/klayout_feol_check.total
/home/krishna/Comparator_MPW6/precheck_results/04_JUN_2022___09_00_52/logs/gds.info
/home/krishna/Comparator_MPW6/precheck_results/04_JUN_2022___09_00_52/logs/pdks.info
/home/krishna/Comparator_MPW6/precheck_results/04_JUN_2022___09_00_52/logs/magic_drc_check.total
/home/krishna/Comparator_MPW6/precheck_results/04_JUN_2022___09_00_52/logs/klayout_offgrid_check.total
/home/krishna/Comparator_MPW6/precheck_results/04_JUN_2022___09_00_52/logs/klayout_met_min_ca_density_check.total
/home/krishna/Comparator_MPW6/precheck_results/04_JUN_2022___10_33_37/outputs/reports/magic_drc_check.drc.report
/home/krishna/Comparator_MPW6/precheck_results/04_JUN_2022___10_33_37/logs/klayout_zeroarea_check.total
/home/krishna/Comparator_MPW6/precheck_results/04_JUN_2022___10_33_37/logs/tools.info
/home/krishna/Comparator_MPW6/precheck_results/04_JUN_2022___10_33_37/logs/klayout_beol_check.total
/home/krishna/Comparator_MPW6/precheck_results/04_JUN_2022___10_33_37/logs/klayout_pin_label_purposes_overlapping_drawing_check.total
/home/krishna/Comparator_MPW6/precheck_results/04_JUN_2022___10_33_37/logs/klayout_feol_check.total
/home/krishna/Comparator_MPW6/precheck_results/04_JUN_2022___10_33_37/logs/gds.info
/home/krishna/Comparator_MPW6/precheck_results/04_JUN_2022___10_33_37/logs/pdks.info
/home/krishna/Comparator_MPW6/precheck_results/04_JUN_2022___10_33_37/logs/magic_drc_check.total
/home/krishna/Comparator_MPW6/precheck_results/04_JUN_2022___10_33_37/logs/klayout_offgrid_check.total
/home/krishna/Comparator_MPW6/precheck_results/04_JUN_2022___10_33_37/logs/klayout_met_min_ca_density_check.total
/home/krishna/Comparator_MPW6/precheck_results/04_JUN_2022___10_10_56/outputs/reports/magic_drc_check.drc.report
/home/krishna/Comparator_MPW6/precheck_results/04_JUN_2022___10_10_56/logs/klayout_zeroarea_check.total
/home/krishna/Comparator_MPW6/precheck_results/04_JUN_2022___10_10_56/logs/tools.info
/home/krishna/Comparator_MPW6/precheck_results/04_JUN_2022___10_10_56/logs/klayout_beol_check.total
/home/krishna/Comparator_MPW6/precheck_results/04_JUN_2022___10_10_56/logs/klayout_pin_label_purposes_overlapping_drawing_check.total
/home/krishna/Comparator_MPW6/precheck_results/04_JUN_2022___10_10_56/logs/klayout_feol_check.total
/home/krishna/Comparator_MPW6/precheck_results/04_JUN_2022___10_10_56/logs/gds.info
/home/krishna/Comparator_MPW6/precheck_results/04_JUN_2022___10_10_56/logs/pdks.info
/home/krishna/Comparator_MPW6/precheck_results/04_JUN_2022___10_10_56/logs/magic_drc_check.total
/home/krishna/Comparator_MPW6/precheck_results/04_JUN_2022___10_10_56/logs/klayout_offgrid_check.total
/home/krishna/Comparator_MPW6/precheck_results/04_JUN_2022___10_10_56/logs/klayout_met_min_ca_density_check.total
/home/krishna/Comparator_MPW6/precheck_results/05_JUN_2022___09_44_41/logs/tools.info
/home/krishna/Comparator_MPW6/precheck_results/05_JUN_2022___09_44_41/logs/gds.info
/home/krishna/Comparator_MPW6/precheck_results/05_JUN_2022___09_44_41/logs/pdks.info
/home/krishna/Comparator_MPW6/precheck_results/04_JUN_2022___10_00_20/outputs/reports/magic_drc_check.drc.report
/home/krishna/Comparator_MPW6/precheck_results/04_JUN_2022___10_00_20/logs/klayout_zeroarea_check.total
/home/krishna/Comparator_MPW6/precheck_results/04_JUN_2022___10_00_20/logs/tools.info
/home/krishna/Comparator_MPW6/precheck_results/04_JUN_2022___10_00_20/logs/klayout_beol_check.total
/home/krishna/Comparator_MPW6/precheck_results/04_JUN_2022___10_00_20/logs/klayout_pin_label_purposes_overlapping_drawing_check.total
/home/krishna/Comparator_MPW6/precheck_results/04_JUN_2022___10_00_20/logs/klayout_feol_check.total
/home/krishna/Comparator_MPW6/precheck_results/04_JUN_2022___10_00_20/logs/gds.info
/home/krishna/Comparator_MPW6/precheck_results/04_JUN_2022___10_00_20/logs/pdks.info
/home/krishna/Comparator_MPW6/precheck_results/04_JUN_2022___10_00_20/logs/magic_drc_check.total
/home/krishna/Comparator_MPW6/precheck_results/04_JUN_2022___10_00_20/logs/klayout_offgrid_check.total
/home/krishna/Comparator_MPW6/precheck_results/04_JUN_2022___10_00_20/logs/klayout_met_min_ca_density_check.total
/home/krishna/Comparator_MPW6/precheck_results/05_JUN_2022___09_43_53/outputs/reports/magic_drc_check.drc.report
/home/krishna/Comparator_MPW6/precheck_results/05_JUN_2022___09_43_53/logs/klayout_zeroarea_check.total
/home/krishna/Comparator_MPW6/precheck_results/05_JUN_2022___09_43_53/logs/tools.info
/home/krishna/Comparator_MPW6/precheck_results/05_JUN_2022___09_43_53/logs/klayout_beol_check.total
/home/krishna/Comparator_MPW6/precheck_results/05_JUN_2022___09_43_53/logs/klayout_pin_label_purposes_overlapping_drawing_check.total
/home/krishna/Comparator_MPW6/precheck_results/05_JUN_2022___09_43_53/logs/klayout_feol_check.total
/home/krishna/Comparator_MPW6/precheck_results/05_JUN_2022___09_43_53/logs/gds.info
/home/krishna/Comparator_MPW6/precheck_results/05_JUN_2022___09_43_53/logs/pdks.info
/home/krishna/Comparator_MPW6/precheck_results/05_JUN_2022___09_43_53/logs/magic_drc_check.total
/home/krishna/Comparator_MPW6/precheck_results/05_JUN_2022___09_43_53/logs/klayout_offgrid_check.total
/home/krishna/Comparator_MPW6/precheck_results/05_JUN_2022___09_43_53/logs/klayout_met_min_ca_density_check.total
/home/krishna/Comparator_MPW6/mag/sky130_fd_pr__pfet_01v8_AC5Z8B#0.ext
/home/krishna/Comparator_MPW6/mag/latch_3.ext
/home/krishna/Comparator_MPW6/mag/sky130_fd_pr__diode_pw2nd_05v5_GT7E3L.ext
/home/krishna/Comparator_MPW6/mag/inv_W2.ext
/home/krishna/Comparator_MPW6/mag/sky130_fd_pr__diode_pw2nd_05v5_KLAK3C.ext
/home/krishna/Comparator_MPW6/mag/sky130_fd_pr__diode_pw2nd_05v5_FT7GK8.ext
/home/krishna/Comparator_MPW6/mag/sky130_fd_pr__diode_pw2nd_05v5_3P6M5Y.ext
/home/krishna/Comparator_MPW6/mag/sky130_fd_pr__pfet_01v8_5SM9EE.ext
/home/krishna/Comparator_MPW6/mag/latch_22.ext
/home/krishna/Comparator_MPW6/mag/sky130_fd_pr__diode_pw2nd_05v5_GT7G3L.ext
/home/krishna/Comparator_MPW6/mag/inv_W2#0.ext
/home/krishna/Comparator_MPW6/mag/.magicrc
/home/krishna/Comparator_MPW6/mag/sky130_fd_pr__diode_pd2nw_05v5_G4XDRY.ext
/home/krishna/Comparator_MPW6/mag/sky130_fd_pr__nfet_01v8_XJTKXQ#1.ext
/home/krishna/Comparator_MPW6/mag/sky130_fd_pr__nfet_01v8_XJTKXQ.ext
/home/krishna/Comparator_MPW6/mag/sky130_fd_pr__pfet_01v8_AC5Z8B.ext
/home/krishna/Comparator_MPW6/mag/buffer_2#1.ext
/home/krishna/Comparator_MPW6/mag/comparator_v6.ext
/home/krishna/Comparator_MPW6/mag/buffer_1#0.ext
/home/krishna/Comparator_MPW6/mag/latch_2.ext
/home/krishna/Comparator_MPW6/mag/user_analog_project_wrapper.ext
/home/krishna/Comparator_MPW6/mag/buffer_2#0.ext
/home/krishna/Comparator_MPW6/mag/sky130_fd_pr__diode_pd2nw_05v5_RT56W3.ext
/home/krishna/Comparator_MPW6/mag/latch/SR_latch.ext
/home/krishna/Comparator_MPW6/mag/latch/sky130_fd_pr__pfet_01v8_AC5Z8B#0.ext
/home/krishna/Comparator_MPW6/mag/latch/sky130A.magicrc
/home/krishna/Comparator_MPW6/mag/latch/latch_22.ext
/home/krishna/Comparator_MPW6/mag/latch/sky130_fd_pr__pfet_01v8_AC5E9B.ext
/home/krishna/Comparator_MPW6/mag/latch/.magicrc
/home/krishna/Comparator_MPW6/mag/latch/sky130_fd_pr__nfet_01v8_XJTKXQ#1.ext
/home/krishna/Comparator_MPW6/mag/latch/sky130_fd_pr__nfet_01v8_F5U58G.ext
/home/krishna/Comparator_MPW6/mag/latch/sky130_fd_pr__pfet_01v8_GJYUB2.ext
/home/krishna/Comparator_MPW6/mag/latch/latch_2.ext
/home/krishna/Comparator_MPW6/mag/latch/sky130_fd_pr__pfet_01v8_5SVZDE.ext
/home/krishna/Comparator_MPW6/mag/latch/latch.ext
/home/krishna/Comparator_MPW6/mag/preamp/sky130_fd_pr__nfet_01v8_G6PLX8.ext
/home/krishna/Comparator_MPW6/mag/preamp/preamp_part1.ext
/home/krishna/Comparator_MPW6/mag/preamp/preamp_part2.ext
/home/krishna/Comparator_MPW6/mag/preamp/sky130_fd_pr__nfet_01v8_XJTKXQ#0.ext
/home/krishna/Comparator_MPW6/mag/preamp/sky130_fd_pr__nfet_01v8_F5U58G#1.ext
/home/krishna/Comparator_MPW6/mag/preamp/.magicrc
/home/krishna/Comparator_MPW6/mag/preamp/sky130_fd_pr__pfet_01v8_RFM3CD.ext
/home/krishna/Comparator_MPW6/mag/preamp/sky130_fd_pr__nfet_01v8_8FHE5N.ext
/home/krishna/Comparator_MPW6/mag/preamp/sky130_fd_pr__nfet_01v8_F5U58G#0.ext
/home/krishna/Comparator_MPW6/xschem/xschemrc
/home/krishna/Comparator_MPW6/xschem/buffer.sch
/home/krishna/Comparator_MPW6/xschem/user_analog_project_wrapper.sym
/home/krishna/Comparator_MPW6/xschem/SR_latch.sym
/home/krishna/Comparator_MPW6/xschem/comparator.sch
/home/krishna/Comparator_MPW6/xschem/comparator.sym
/home/krishna/Comparator_MPW6/xschem/analog_wrapper_tb.sch
/home/krishna/Comparator_MPW6/xschem/user_analog_project_wrapper.sch
/home/krishna/Comparator_MPW6/xschem/.spiceinit
/home/krishna/Comparator_MPW6/xschem/comparator_tb.sch
/home/krishna/Comparator_MPW6/xschem/SR_latch.sch
/home/krishna/Comparator_MPW6/xschem/buffer.sym
/home/krishna/Comparator_MPW6/docs/Makefile
/home/krishna/Comparator_MPW6/docs/environment.yml
/home/krishna/Comparator_MPW6/docs/source/conf.py
/home/krishna/Comparator_MPW6/docs/source/index.rst
/home/krishna/Comparator_MPW6/netgen/run_lvs_wrapper_verilog.sh
/home/krishna/Comparator_MPW6/netgen/xtra
/home/krishna/Comparator_MPW6/netgen/run_lvs_por.sh
/home/krishna/Comparator_MPW6/netgen/run_lvs_wrapper_xschem.sh
